15:06:29.527 Testsuite executed in Environment  
15:06:29.773 [print] Random string generated iHHiY
15:06:30.949 request:
1 > POST https://reqres.in/api/users?delay=2
1 > Accept-Encoding: gzip,deflate
1 > Connection: Keep-Alive
1 > Content-Length: 51
1 > Content-Type: application/json; charset=UTF-8
1 > Host: reqres.in
1 > User-Agent: Apache-HttpClient/4.5.11 (Java/1.8.0_261)
{"name":"iHHiY","job":"Automation","company":"TEK"}

15:06:34.018 response time in milliseconds: 3068.03
1 < 201
1 < Access-Control-Allow-Origin: *
1 < CF-Cache-Status: DYNAMIC
1 < CF-RAY: 6191f7a87c47de2d-BOM
1 < Connection: keep-alive
1 < Content-Length: 101
1 < Content-Type: application/json; charset=utf-8
1 < Date: Fri, 29 Jan 2021 09:36:13 GMT
1 < Etag: W/"65-ef1Zsl8W3EWMvcmxznTvKmWr43g"
1 < Expect-CT: max-age=604800, report-uri="https://report-uri.cloudflare.com/cdn-cgi/beacon/expect-ct"
1 < NEL: {"report_to":"cf-nel","max_age":604800}
1 < Report-To: {"endpoints":[{"url":"https:\/\/a.nel.cloudflare.com\/report?s=1juk4oNX07Wy44L87YgboXb9sA0nZpIhNSAuKeLWOBlGw6tB3RVAZzUhvgjz2RA%2BPNriZVZJMRwZ1m4aXNBw0F%2BIe%2F39hm7yibM%3D"}],"group":"cf-nel","max_age":604800}
1 < Server: cloudflare
1 < Set-Cookie: __cfduid=d704cd50ea8fd59afff91a9b2422e04531611912971; expires=Sun, 28-Feb-21 09:36:11 GMT; path=/; domain=.reqres.in; HttpOnly; SameSite=Lax; Secure
1 < Via: 1.1 vegur
1 < X-Powered-By: Express
1 < cf-request-id: 07ef191d4b0000de2dc8ba6000000001
{"name":"iHHiY","job":"Automation","company":"TEK","id":"120","createdAt":"2021-01-29T09:36:13.861Z"}

15:06:34.022 [print] Response ID {
  "createdAt": "2021-01-29T09:36:13.861Z",
  "name": "iHHiY",
  "company": "TEK",
  "id": "120",
  "job": "Automation"
}

15:06:34.025 [print] Response ID generated for request is  120
e: application/json; charset=UTF-8
1 > Host: reqres.in
1 > User-Agent: Apache-HttpClient/4.5.11 (Java/1.8.0_261)
{"name":"yogesh","job":"Automation"}

14:12:29.274 response time in milliseconds: 577.76
1 < 201
1 < Access-Control-Allow-Origin: *
1 < CF-Cache-Status: DYNAMIC
1 < CF-RAY: 6191a87ca9341a5e-SIN
1 < Connection: keep-alive
1 < Content-Length: 86
1 < Content-Type: application/json; charset=utf-8
1 < Date: Fri, 29 Jan 2021 08:42:09 GMT
1 < Etag: W/"56-pExmHm6BTKFdcGI9tIXXiVmK/gU"
1 < Expect-CT: max-age=604800, report-uri="https://report-uri.cloudflare.com/cdn-cgi/beacon/expect-ct"
1 < NEL: {"max_age":604800,"report_to":"cf-nel"}
1 < Report-To: {"group":"cf-nel","endpoints":[{"url":"https:\/\/a.nel.cloudflare.com\/report?s=u1Qkxd3tnS36dpYnsE1BEPnum2EpHBH1hLfxqISaGis7rySubF0GbxZbr2dSnLkdh%2F1j8IQuEEUjr3b94ZnkR6Yzln5Zd%2FEWzOc%3D"}],"max_age":604800}
1 < Server: cloudflare
1 < Set-Cookie: __cfduid=d09c346e635333ba5829a0e243f8ff69e1611909728; expires=Sun, 28-Feb-21 08:42:08 GMT; path=/; domain=.reqres.in; HttpOnly; SameSite=Lax; Secure
1 < Via: 1.1 vegur
1 < X-Powered-By: Express
1 < cf-request-id: 07eee7a1ea00001a5ed798e000000001
{"name":"yogesh","job":"Automation","id":"172","createdAt":"2021-01-29T08:42:09.027Z"}

14:12:29.282 [print] Authentication response {
  "createdAt": "2021-01-29T08:42:09.027Z",
  "name": "yogesh",
  "id": "172",
  "job": "Automation"
}

14:12:29.284 request:
1 > POST https://reqres.in/api/users
1 > Accept-Encoding: gzip,deflate
1 > Connection: Keep-Alive
1 > Content-Length: 38
1 > Content-Type: application/json; charset=UTF-8
1 > Host: reqres.in
1 > User-Agent: Apache-HttpClient/4.5.11 (Java/1.8.0_261)
{"name":"sam","salary":33000,"age":25}

14:12:29.870 response time in milliseconds: 578.92
1 < 201
1 < Access-Control-Allow-Origin: *
1 < CF-Cache-Status: DYNAMIC
1 < CF-RAY: 6191a8805eca0176-SIN
1 < Connection: keep-alive
1 < Content-Length: 88
1 < Content-Type: application/json; charset=utf-8
1 < Date: Fri, 29 Jan 2021 08:42:09 GMT
1 < Etag: W/"58-0ic0NTuYtHdfJYIqfLU8Vaav+nE"
1 < Expect-CT: max-age=604800, report-uri="https://report-uri.cloudflare.com/cdn-cgi/beacon/expect-ct"
1 < NEL: {"max_age":604800,"report_to":"cf-nel"}
1 < Report-To: {"endpoints":[{"url":"https:\/\/a.nel.cloudflare.com\/report?s=E7Wbzo08Fftt7%2BWVFPZSw0z8OE5WgNgeOkYO6ShmrGXVmGP5el%2FdkBluwKuBEW%2BSySO7VLsfMADDCfpv7QYPJsTXDWCPkl9l2JI%3D"}],"group":"cf-nel","max_age":604800}
1 < Server: cloudflare
1 < Set-Cookie: __cfduid=dc3fc321fa17fb231b8a861dd31c01cf81611909729; expires=Sun, 28-Feb-21 08:42:09 GMT; path=/; domain=.reqres.in; HttpOnly; SameSite=Lax; Secure
1 < Via: 1.1 vegur
1 < X-Powered-By: Express
1 < cf-request-id: 07eee7a438000001768b1ed000000001
{"name":"sam","salary":33000,"age":25,"id":"436","createdAt":"2021-01-29T08:42:09.627Z"}

14:12:29.872 [print] print UserDetails {
  "createdAt": "2021-01-29T08:42:09.627Z",
  "name": "sam",
  "id": "436",
  "salary": 33000,
  "age": 25
}

