14:12:27.247 request:
1 > POST https://reqres.in/api/users
1 > Accept-Encoding: gzip,deflate
1 > Connection: Keep-Alive
1 > Content-Length: 43
1 > Content-Type: application/json; charset=UTF-8
1 > Host: reqres.in
1 > User-Agent: Apache-HttpClient/4.5.11 (Java/1.8.0_261)
{"name":"Yogesh","salary":1000000,"age":33}

14:12:28.756 response time in milliseconds: 1508.94
1 < 201
1 < Access-Control-Allow-Origin: *
1 < CF-Cache-Status: DYNAMIC
1 < CF-RAY: 6191a8797ca41ab8-SIN
1 < Connection: keep-alive
1 < Content-Length: 93
1 < Content-Type: application/json; charset=utf-8
1 < Date: Fri, 29 Jan 2021 08:42:08 GMT
1 < Etag: W/"5d-NZToCh23zC4m8VIbPBZZtJAxYXI"
1 < Expect-CT: max-age=604800, report-uri="https://report-uri.cloudflare.com/cdn-cgi/beacon/expect-ct"
1 < NEL: {"report_to":"cf-nel","max_age":604800}
1 < Report-To: {"max_age":604800,"endpoints":[{"url":"https:\/\/a.nel.cloudflare.com\/report?s=MEML2QViUmvGy1CX%2BeRQU9%2BKc13xxSga%2F2N0UKoeDmrf5dFgduSdGL5yS2vIOLbT8fRzt4nMFcLesO2Y4nUpUOZaabWZ15mzQl0%3D"}],"group":"cf-nel"}
1 < Server: cloudflare
1 < Set-Cookie: __cfduid=d71578d86e71dcf4715e565573906f4571611909728; expires=Sun, 28-Feb-21 08:42:08 GMT; path=/; domain=.reqres.in; HttpOnly; SameSite=Lax; Secure
1 < Via: 1.1 vegur
1 < X-Powered-By: Express
1 < cf-request-id: 07eee79fee00001ab836a16000000001
{"name":"Yogesh","salary":1000000,"age":33,"id":"637","createdAt":"2021-01-29T08:42:08.518Z"}

14:12:28.758 [print] print UserDetails {
  "createdAt": "2021-01-29T08:42:08.518Z",
  "name": "Yogesh",
  "id": "637",
  "salary": 1000000,
  "age": 33
}

14:12:28.768 Testsuite executed in Environment  
14:12:28.817 request:
1 > GET https://reqres.in/api/users/2
1 > Accept: application/json
1 > Accept-Encoding: gzip,deflate
1 > Connection: Keep-Alive
1 > Host: reqres.in
1 > User-Agent: Apache-HttpClient/4.5.11 (Java/1.8.0_261)

14:12:29.021 response time in milliseconds: 204.90
1 < 200
1 < Access-Control-Allow-Origin: *
1 < Age: 760
1 < CF-Cache-Status: HIT
1 < CF-RAY: 6191a87d6ad918f4-SIN
1 < Cache-Control: max-age=14400
1 < Connection: keep-alive
1 < Content-Type: application/json; charset=utf-8
1 < Date: Fri, 29 Jan 2021 08:42:08 GMT
1 < Etag: W/"118-pbdwwFo9SKNhD3Lx5iHJyngpq00"
1 < Expect-CT: max-age=604800, report-uri="https://report-uri.cloudflare.com/cdn-cgi/beacon/expect-ct"
1 < NEL: {"max_age":604800,"report_to":"cf-nel"}
1 < Report-To: {"group":"cf-nel","max_age":604800,"endpoints":[{"url":"https:\/\/a.nel.cloudflare.com\/report?s=PDrSP8dYuxxG2FiTef6C9mpZThRqS2g7dcbjJvWCVPzHbIxGycYEsfSuaMlIeM66CbYMEGUOUQKcfNRme4IweyQ2d7BxYnit%2B%2F4%3D"}]}
1 < Server: cloudflare
1 < Set-Cookie: __cfduid=da7d7f9a034909707aa42f1961628d11f1611909728; expires=Sun, 28-Feb-21 08:42:08 GMT; path=/; domain=.reqres.in; HttpOnly; SameSite=Lax; Secure
1 < Transfer-Encoding: chunked
1 < Vary: Accept-Encoding
1 < Via: 1.1 vegur
1 < X-Powered-By: Express
1 < cf-request-id: 07eee7a265000018f4d72aa000000001
{"data":{"id":2,"email":"janet.weaver@reqres.in","first_name":"Janet","last_name":"Weaver","avatar":"https://reqres.in/img/faces/2-image.jpg"},"support":{"url":"https://reqres.in/#support-heading","text":"To keep ReqRes free, contributions towards server costs are appreciated!"}}

14:12:29.041 [print] Users from the GET API {
  "data": {
    "id": 2,
    "email": "janet.weaver@reqres.in",
    "first_name": "Janet",
    "last_name": "Weaver",
    "avatar": "https://reqres.in/img/faces/2-image.jpg"
  },
  "support": {
    "url": "https://reqres.in/#support-heading",
    "text": "To keep ReqRes free, contributions towards server costs are appreciated!"
  }
}

14:12:29.092 request:
1 > GET https://reqres.in/api/users/3
1 > Accept: application/json
1 > Accept-Encoding: gzip,deflate
1 > Connection: Keep-Alive
1 > Host: reqres.in
1 > User-Agent: Apache-HttpClient/4.5.11 (Java/1.8.0_261)

14:12:29.768 response time in milliseconds: 674.35
1 < 200
1 < Access-Control-Allow-Origin: *
1 < CF-Cache-Status: REVALIDATED
1 < CF-RAY: 6191a87f2e0919f1-SIN
1 < Cache-Control: max-age=14400
1 < Connection: keep-alive
1 < Content-Type: application/json; charset=utf-8
1 < Date: Fri, 29 Jan 2021 08:42:09 GMT
1 < Etag: W/"112-EeInfgHWtnxhYRnwgZUB667e024"
1 < Expect-CT: max-age=604800, report-uri="https://report-uri.cloudflare.com/cdn-cgi/beacon/expect-ct"
1 < NEL: {"report_to":"cf-nel","max_age":604800}
1 < Report-To: {"group":"cf-nel","endpoints":[{"url":"https:\/\/a.nel.cloudflare.com\/report?s=JkNJLavIILrzRDwrdB8fL4gqpEVs4tbi40utNG0bM5GXd0xqFhvVJVPxlLXJvLVkW4GBUXdfxcVQ%2B0gGJDUHSTbFynwDcAVLV6w%3D"}],"max_age":604800}
1 < Server: cloudflare
1 < Set-Cookie: __cfduid=dadf5c957af8b9b4cc785a97488b9de191611909729; expires=Sun, 28-Feb-21 08:42:09 GMT; path=/; domain=.reqres.in; HttpOnly; SameSite=Lax; Secure
1 < Transfer-Encoding: chunked
1 < Vary: Accept-Encoding
1 < Via: 1.1 vegur
1 < X-Powered-By: Express
1 < cf-request-id: 07eee7a379000019f1e7999000000001
{"data":{"id":3,"email":"emma.wong@reqres.in","first_name":"Emma","last_name":"Wong","avatar":"https://reqres.in/img/faces/3-image.jpg"},"support":{"url":"https://reqres.in/#support-heading","text":"To keep ReqRes free, contributions towards server costs are appreciated!"}}

14:12:29.776 [print] From different featurefile result {
  "data": {
    "last_name": "Wong",
    "id": 3,
    "avatar": "https://reqres.in/img/faces/3-image.jpg",
    "first_name": "Emma",
    "email": "emma.wong@reqres.in"
  },
  "support": {
    "text": "To keep ReqRes free, contributions towards server costs are appreciated!",
    "url": "https://reqres.in/#support-heading"
  }
}

14:12:29.778 [print] Firstname Userdetails id 2 is Janet
14:12:29.796 Testsuite executed in Environment  
14:12:29.806 request:
1 > POST https://reqres.in/api/users?delay=5
1 > Accept-Encoding: gzip,deflate
1 > Connection: Keep-Alive
1 > Content-Length: 36
1 > Content-Type: application/json; charset=UTF-8
1 > Host: reqres.in
1 > User-Agent: Apache-HttpClient/4.5.11 (Java/1.8.0_261)
{"name":"yogesh","job":"Automation"}

14:12:35.484 response time in milliseconds: 5680.77
1 < 201
1 < Access-Control-Allow-Origin: *
1 < CF-Cache-Status: DYNAMIC
1 < CF-RAY: 6191a8839ea801e9-SIN
1 < Connection: keep-alive
1 < Content-Length: 86
1 < Content-Type: application/json; charset=utf-8
1 < Date: Fri, 29 Jan 2021 08:42:15 GMT
1 < Etag: W/"56-/dgnAhtBNbjDhMZswKsgJi+W2OI"
1 < Expect-CT: max-age=604800, report-uri="https://report-uri.cloudflare.com/cdn-cgi/beacon/expect-ct"
1 < NEL: {"report_to":"cf-nel","max_age":604800}
1 < Report-To: {"group":"cf-nel","max_age":604800,"endpoints":[{"url":"https:\/\/a.nel.cloudflare.com\/report?s=VckBjYrx1RXoZqd0b%2FvMbvJyPPaPXSwZ5MECZnp8SgPyDkV8rgks7c9TNMLrJTtmDebHSg322Y5gzU8XuyrjZR0MxgS5nxJdJJo%3D"}]}
1 < Server: cloudflare
1 < Set-Cookie: __cfduid=ddc8132309886503249856358fc2877ec1611909729; expires=Sun, 28-Feb-21 08:42:09 GMT; path=/; domain=.reqres.in; HttpOnly; SameSite=Lax; Secure
1 < Via: 1.1 vegur
1 < X-Powered-By: Express
1 < cf-request-id: 07eee7a63b000001e971201000000001
{"name":"yogesh","job":"Automation","id":"967","createdAt":"2021-01-29T08:42:15.194Z"}

14:12:35.484 [print] Response ID {
  "createdAt": "2021-01-29T08:42:15.194Z",
  "name": "yogesh",
  "id": "967",
  "job": "Automation"
}

