11:46:26.134 Testsuite executed in Environment  
11:46:26.763 request:
1 > GET https://reqres.in/api/users/2
1 > Accept: application/json
1 > Accept-Encoding: gzip,deflate
1 > Connection: Keep-Alive
1 > Host: reqres.in
1 > User-Agent: Apache-HttpClient/4.5.11 (Java/1.8.0_261)

11:46:27.161 response time in milliseconds: 394.79
1 < 200
1 < Access-Control-Allow-Origin: *
1 < Age: 1434
1 < CF-Cache-Status: HIT
1 < CF-RAY: 5faaad004c5a5064-BOM
1 < Cache-Control: max-age=14400
1 < Connection: keep-alive
1 < Content-Type: application/json; charset=utf-8
1 < Date: Tue, 01 Dec 2020 06:15:48 GMT
1 < Etag: W/"118-pbdwwFo9SKNhD3Lx5iHJyngpq00"
1 < Expect-CT: max-age=604800, report-uri="https://report-uri.cloudflare.com/cdn-cgi/beacon/expect-ct"
1 < NEL: {"report_to":"cf-nel","max_age":604800}
1 < Report-To: {"endpoints":[{"url":"https:\/\/a.nel.cloudflare.com\/report?s=4pkc9U%2FkPqJVFgL9ezuOhmZ805F%2B9pupHOJ4BHFAca9y1Rm1mHoCihlXH4JZPlf6vYMX2m9B2TFe2rgHFITCWI4VprnH%2FcSIJ0k%3D"}],"group":"cf-nel","max_age":604800}
1 < Server: cloudflare
1 < Set-Cookie: __cfduid=d4d94e55b94fea86ac3933042283773b41606803348; expires=Thu, 31-Dec-20 06:15:48 GMT; path=/; domain=.reqres.in; HttpOnly; SameSite=Lax; Secure
1 < Transfer-Encoding: chunked
1 < Vary: Accept-Encoding
1 < Via: 1.1 vegur
1 < X-Powered-By: Express
1 < cf-request-id: 06be8a743000005064b82fe000000001
{"data":{"id":2,"email":"janet.weaver@reqres.in","first_name":"Janet","last_name":"Weaver","avatar":"https://reqres.in/img/faces/2-image.jpg"},"support":{"url":"https://reqres.in/#support-heading","text":"To keep ReqRes free, contributions towards server costs are appreciated!"}}

11:46:27.176 [print] Users from the GET API {
  "data": {
    "id": 2,
    "email": "janet.weaver@reqres.in",
    "first_name": "Janet",
    "last_name": "Weaver",
    "avatar": "https://reqres.in/img/faces/2-image.jpg"
  },
  "support": {
    "url": "https://reqres.in/#support-heading",
    "text": "To keep ReqRes free, contributions towards server costs are appreciated!"
  }
}

11:46:27.190 request:
1 > GET https://reqres.in/api/users/3
1 > Accept: application/json
1 > Accept-Encoding: gzip,deflate
1 > Connection: Keep-Alive
1 > Host: reqres.in
1 > User-Agent: Apache-HttpClient/4.5.11 (Java/1.8.0_261)

11:46:27.303 response time in milliseconds: 111.03
1 < 200
1 < Access-Control-Allow-Origin: *
1 < Age: 3289
1 < CF-Cache-Status: HIT
1 < CF-RAY: 5faaad015f3e2e59-BOM
1 < Cache-Control: max-age=14400
1 < Connection: keep-alive
1 < Content-Type: application/json; charset=utf-8
1 < Date: Tue, 01 Dec 2020 06:15:48 GMT
1 < Etag: W/"112-EeInfgHWtnxhYRnwgZUB667e024"
1 < Expect-CT: max-age=604800, report-uri="https://report-uri.cloudflare.com/cdn-cgi/beacon/expect-ct"
1 < NEL: {"report_to":"cf-nel","max_age":604800}
1 < Report-To: {"endpoints":[{"url":"https:\/\/a.nel.cloudflare.com\/report?s=HqYETeU4RNJWwpMUi0IiMWjEnWIpQTaJdbuWRJPIopO9UhaF%2FCi3RBj3j4lUnGW%2FGxxmRwx0Q70Gfj6CmhzEfcOyZRFzJLyXZ3w%3D"}],"group":"cf-nel","max_age":604800}
1 < Server: cloudflare
1 < Set-Cookie: __cfduid=d28a0f642f13daf89046f495d71d1fe231606803348; expires=Thu, 31-Dec-20 06:15:48 GMT; path=/; domain=.reqres.in; HttpOnly; SameSite=Lax; Secure
1 < Transfer-Encoding: chunked
1 < Vary: Accept-Encoding
1 < Via: 1.1 vegur
1 < X-Powered-By: Express
1 < cf-request-id: 06be8a74dd00002e595282e000000001
{"data":{"id":3,"email":"emma.wong@reqres.in","first_name":"Emma","last_name":"Wong","avatar":"https://reqres.in/img/faces/3-image.jpg"},"support":{"url":"https://reqres.in/#support-heading","text":"To keep ReqRes free, contributions towards server costs are appreciated!"}}

11:46:27.318 [print] From different featurefile result {
  "data": {
    "last_name": "Wong",
    "id": 3,
    "avatar": "https://reqres.in/img/faces/3-image.jpg",
    "first_name": "Emma",
    "email": "emma.wong@reqres.in"
  },
  "support": {
    "text": "To keep ReqRes free, contributions towards server costs are appreciated!",
    "url": "https://reqres.in/#support-heading"
  }
}

11:46:27.338 [print] Firstname Userdetails id 2 is Janet
